INFO:root:No files with the keyword 'MassCashWholesale' found in R:\RawData\Massmart Data. Skipping move operation.
INFO:root:No files with the keyword 'MassCashRetail' found in R:\RawData\Massmart Data. Skipping move operation.
INFO:root:No files with the keyword 'Makro' found in R:\RawData\Massmart Data. Skipping move operation.
INFO:root:No files with the keyword 'MassDiscounters' found in R:\RawData\Massmart Data. Skipping move operation.
INFO:root:No files with the keyword 'KitKat' found in R:\RawData\Massmart Data. Skipping move operation.
INFO:root:No files with the keyword 'Massbuild' found in R:\RawData\Massmart Data. Skipping move operation.
INFO:root:Monitoring R:\RawData\Massmart Data for new files...
INFO:root:No files with the keyword 'MassCashWholesale' found in R:\RawData\Massmart Data. Skipping move operation.
INFO:root:No files with the keyword 'MassCashRetail' found in R:\RawData\Massmart Data. Skipping move operation.
INFO:root:No files with the keyword 'Makro' found in R:\RawData\Massmart Data. Skipping move operation.
INFO:root:No files with the keyword 'MassDiscounters' found in R:\RawData\Massmart Data. Skipping move operation.
INFO:root:No files with the keyword 'KitKat' found in R:\RawData\Massmart Data. Skipping move operation.
INFO:root:No files with the keyword 'Massbuild' found in R:\RawData\Massmart Data. Skipping move operation.
INFO:root:Monitoring R:\RawData\Massmart Data for new files...
INFO:root:No files with the keyword 'MassCashWholesale' found in R:\RawData\Massmart Data. Skipping move operation.
INFO:root:No files with the keyword 'MassCashRetail' found in R:\RawData\Massmart Data. Skipping move operation.
INFO:root:No files with the keyword 'Makro' found in R:\RawData\Massmart Data. Skipping move operation.
INFO:root:No files with the keyword 'MassDiscounters' found in R:\RawData\Massmart Data. Skipping move operation.
INFO:root:No files with the keyword 'KitKat' found in R:\RawData\Massmart Data. Skipping move operation.
INFO:root:No files with the keyword 'Massbuild' found in R:\RawData\Massmart Data. Skipping move operation.
INFO:root:Monitoring R:\RawData\Massmart Data for new files...
INFO:root:No files with the keyword 'MassCashWholesale' found in R:\RawData\Massmart Data. Skipping move operation.
INFO:root:No files with the keyword 'MassCashRetail' found in R:\RawData\Massmart Data. Skipping move operation.
INFO:root:No files with the keyword 'Makro' found in R:\RawData\Massmart Data. Skipping move operation.
INFO:root:No files with the keyword 'MassDiscounters' found in R:\RawData\Massmart Data. Skipping move operation.
INFO:root:No files with the keyword 'KitKat' found in R:\RawData\Massmart Data. Skipping move operation.
INFO:root:No files with the keyword 'Massbuild' found in R:\RawData\Massmart Data. Skipping move operation.
INFO:root:Monitoring R:\RawData\Massmart Data for new files...
INFO:root:No files with the keyword 'MassCashWholesale' found in R:\RawData\Massmart Data. Skipping move operation.
INFO:root:No files with the keyword 'MassCashRetail' found in R:\RawData\Massmart Data. Skipping move operation.
INFO:root:No files with the keyword 'Makro' found in R:\RawData\Massmart Data. Skipping move operation.
INFO:root:No files with the keyword 'MassDiscounters' found in R:\RawData\Massmart Data. Skipping move operation.
INFO:root:No files with the keyword 'KitKat' found in R:\RawData\Massmart Data. Skipping move operation.
INFO:root:No files with the keyword 'Massbuild' found in R:\RawData\Massmart Data. Skipping move operation.
INFO:root:Monitoring R:\RawData\Massmart Data for new files...
INFO:root:No files with the keyword 'MassCashWholesale' found in R:\RawData\Massmart Data. Skipping move operation.
INFO:root:No files with the keyword 'MassCashRetail' found in R:\RawData\Massmart Data. Skipping move operation.
INFO:root:No files with the keyword 'Makro' found in R:\RawData\Massmart Data. Skipping move operation.
INFO:root:No files with the keyword 'MassDiscounters' found in R:\RawData\Massmart Data. Skipping move operation.
INFO:root:No files with the keyword 'KitKat' found in R:\RawData\Massmart Data. Skipping move operation.
INFO:root:No files with the keyword 'Massbuild' found in R:\RawData\Massmart Data. Skipping move operation.
INFO:root:Monitoring R:\RawData\Massmart Data for new files...
INFO:root:No files with the keyword 'MassCashWholesale' found in R:\RawData\Massmart Data. Skipping move operation.
INFO:root:No files with the keyword 'MassCashRetail' found in R:\RawData\Massmart Data. Skipping move operation.
INFO:root:No files with the keyword 'Makro' found in R:\RawData\Massmart Data. Skipping move operation.
INFO:root:No files with the keyword 'MassDiscounters' found in R:\RawData\Massmart Data. Skipping move operation.
INFO:root:No files with the keyword 'KitKat' found in R:\RawData\Massmart Data. Skipping move operation.
INFO:root:No files with the keyword 'Massbuild' found in R:\RawData\Massmart Data. Skipping move operation.
INFO:root:Monitoring R:\RawData\Massmart Data for new files...
INFO:root:No files with the keyword 'MassCashWholesale' found in R:\RawData\Massmart Data. Skipping move operation.
INFO:root:No files with the keyword 'MassCashRetail' found in R:\RawData\Massmart Data. Skipping move operation.
INFO:root:No files with the keyword 'Makro' found in R:\RawData\Massmart Data. Skipping move operation.
INFO:root:No files with the keyword 'MassDiscounters' found in R:\RawData\Massmart Data. Skipping move operation.
INFO:root:No files with the keyword 'KitKat' found in R:\RawData\Massmart Data. Skipping move operation.
INFO:root:No files with the keyword 'Massbuild' found in R:\RawData\Massmart Data. Skipping move operation.
INFO:root:Monitoring R:\RawData\Massmart Data for new files...
INFO:root:No files with the keyword 'MassCashWholesale' found in R:\RawData\Massmart Data. Skipping move operation.
INFO:root:No files with the keyword 'MassCashRetail' found in R:\RawData\Massmart Data. Skipping move operation.
INFO:root:No files with the keyword 'Makro' found in R:\RawData\Massmart Data. Skipping move operation.
INFO:root:No files with the keyword 'MassDiscounters' found in R:\RawData\Massmart Data. Skipping move operation.
INFO:root:No files with the keyword 'KitKat' found in R:\RawData\Massmart Data. Skipping move operation.
INFO:root:No files with the keyword 'Massbuild' found in R:\RawData\Massmart Data. Skipping move operation.
INFO:root:Monitoring R:\RawData\Massmart Data for new files...
INFO:root:No files with the keyword 'MassCashWholesale' found in R:\RawData\Massmart Data. Skipping move operation.
INFO:root:No files with the keyword 'MassCashRetail' found in R:\RawData\Massmart Data. Skipping move operation.
INFO:root:No files with the keyword 'Makro' found in R:\RawData\Massmart Data. Skipping move operation.
INFO:root:No files with the keyword 'MassDiscounters' found in R:\RawData\Massmart Data. Skipping move operation.
INFO:root:No files with the keyword 'KitKat' found in R:\RawData\Massmart Data. Skipping move operation.
INFO:root:No files with the keyword 'Massbuild' found in R:\RawData\Massmart Data. Skipping move operation.
INFO:root:Monitoring R:\RawData\Massmart Data for new files...
INFO:root:No files with the keyword 'MassCashWholesale' found in R:\RawData\Massmart Data. Skipping move operation.
INFO:root:No files with the keyword 'MassCashRetail' found in R:\RawData\Massmart Data. Skipping move operation.
INFO:root:No files with the keyword 'Makro' found in R:\RawData\Massmart Data. Skipping move operation.
INFO:root:No files with the keyword 'MassDiscounters' found in R:\RawData\Massmart Data. Skipping move operation.
INFO:root:No files with the keyword 'KitKat' found in R:\RawData\Massmart Data. Skipping move operation.
INFO:root:No files with the keyword 'Massbuild' found in R:\RawData\Massmart Data. Skipping move operation.
INFO:root:Monitoring R:\RawData\Massmart Data for new files...
INFO:root:No new files detected for the past 1 minutes. Terminating script.
INFO:root:No files with the keyword 'MassCashWholesale' found in R:\RawData\Massmart Data. Skipping move operation.
INFO:root:No files with the keyword 'MassCashRetail' found in R:\RawData\Massmart Data. Skipping move operation.
INFO:root:No files with the keyword 'Makro' found in R:\RawData\Massmart Data. Skipping move operation.
INFO:root:No files with the keyword 'MassDiscounters' found in R:\RawData\Massmart Data. Skipping move operation.
INFO:root:No files with the keyword 'KitKat' found in R:\RawData\Massmart Data. Skipping move operation.
INFO:root:No files with the keyword 'Massbuild' found in R:\RawData\Massmart Data. Skipping move operation.
INFO:root:Monitoring R:\RawData\Massmart Data for new files...
INFO:root:No new files detected for the past 1 minutes. Terminating script.
INFO:root:No files with the keyword 'MassCashWholesale' found in R:\RawData\Massmart Data. Skipping move operation.
INFO:root:No files with the keyword 'MassCashRetail' found in R:\RawData\Massmart Data. Skipping move operation.
INFO:root:No files with the keyword 'Makro' found in R:\RawData\Massmart Data. Skipping move operation.
INFO:root:No files with the keyword 'MassDiscounters' found in R:\RawData\Massmart Data. Skipping move operation.
INFO:root:No files with the keyword 'KitKat' found in R:\RawData\Massmart Data. Skipping move operation.
INFO:root:No files with the keyword 'Massbuild' found in R:\RawData\Massmart Data. Skipping move operation.
INFO:root:Monitoring R:\RawData\Massmart Data for new files...
INFO:root:No new files detected for the past 5 minutes. Terminating script.
INFO:root:No files with the keyword 'MassCashWholesale' found in R:\RawData\Massmart Data. Skipping move operation.
INFO:root:No files with the keyword 'MassCashRetail' found in R:\RawData\Massmart Data. Skipping move operation.
INFO:root:No files with the keyword 'Makro' found in R:\RawData\Massmart Data. Skipping move operation.
INFO:root:No files with the keyword 'MassDiscounters' found in R:\RawData\Massmart Data. Skipping move operation.
INFO:root:No files with the keyword 'KitKat' found in R:\RawData\Massmart Data. Skipping move operation.
INFO:root:No files with the keyword 'Massbuild' found in R:\RawData\Massmart Data. Skipping move operation.
INFO:root:Monitoring R:\RawData\Massmart Data for new files...
INFO:root:No new files detected for the past 5 minutes. Terminating script.
